2021-05-24 10:31:47.480558: W tensorflow/stream_executor/platform/default/dso_loader.cc:60] Could not load dynamic library 'libcudart.so.11.0'; dlerror: libcudart.so.11.0: cannot open shared object file: No such file or directory
2021-05-24 10:31:47.480621: I tensorflow/stream_executor/cuda/cudart_stub.cc:29] Ignore above cudart dlerror if you do not have a GPU set up on your machine.
Available devices  2
Current cuda device  0
TITAN RTX
CNN_11dv(
  (layer_11d): Sequential(
    (0): Conv2d(1, 10, kernel_size=(3, 1000), stride=(1, 50), padding=(1, 0))
    (1): BatchNorm2d(10, eps=1e-05, momentum=0.1, affine=True, track_running_stats=True)
    (2): ReLU()
    (3): Conv2d(10, 25, kernel_size=(3, 100), stride=(1, 2), padding=(1, 0))
    (4): BatchNorm2d(25, eps=1e-05, momentum=0.1, affine=True, track_running_stats=True)
    (5): ReLU()
    (6): Conv2d(25, 50, kernel_size=(5, 50), stride=(1, 2), padding=(1, 0))
    (7): BatchNorm2d(50, eps=1e-05, momentum=0.1, affine=True, track_running_stats=True)
    (8): ReLU()
    (9): Conv2d(50, 100, kernel_size=(5, 50), stride=(1, 2), padding=(1, 0))
    (10): BatchNorm2d(100, eps=1e-05, momentum=0.1, affine=True, track_running_stats=True)
    (11): ReLU()
    (12): Conv2d(100, 100, kernel_size=(5, 50), stride=(1, 2), padding=(1, 0))
    (13): BatchNorm2d(100, eps=1e-05, momentum=0.1, affine=True, track_running_stats=True)
    (14): ReLU()
  )
  (layer_fc): Sequential(
    (0): Linear(in_features=37500, out_features=1000, bias=True)
    (1): ReLU()
    (2): Linear(in_features=1000, out_features=100, bias=True)
    (3): ReLU()
    (4): Linear(in_features=100, out_features=10, bias=True)
    (5): ReLU()
    (6): Linear(in_features=10, out_features=2, bias=True)
  )
)
180
./Checkpoint/Checkpoint_exp_11d1.pt
epoch: 0  loss: 0.7122129797935486
Validation loss: 0.0174, Validation accuracy: 0.5250
Higher validation accuracy, Checkpoint Saved!
one epoch time = 3.59
########################################################
epoch: 10  loss: 0.6608669757843018
Validation loss: 0.0155, Validation accuracy: 0.5250
Higher validation accuracy, Checkpoint Saved!
Higher validation accuracy, Checkpoint Saved!
Higher validation accuracy, Checkpoint Saved!
epoch: 20  loss: 0.17344284057617188
Validation loss: 0.0027, Validation accuracy: 1.0000
Higher validation accuracy, Checkpoint Saved!
epoch: 30  loss: 0.17322565615177155
Validation loss: 0.0020, Validation accuracy: 0.9750
epoch: 40  loss: 0.10837090760469437
Validation loss: 0.0016, Validation accuracy: 1.0000
epoch: 50  loss: 0.05590864270925522
Validation loss: 0.0011, Validation accuracy: 0.9750
one epoch time = 1.53
########################################################
epoch: 60  loss: 0.022709650918841362
Validation loss: 0.0001, Validation accuracy: 1.0000
epoch: 70  loss: 0.0031269118189811707
Validation loss: 0.0001, Validation accuracy: 1.0000
epoch: 80  loss: 0.0004323436296544969
Validation loss: 0.0000, Validation accuracy: 1.0000
epoch: 90  loss: 0.00014860690862406045
Validation loss: 0.0000, Validation accuracy: 1.0000
epoch: 100  loss: 6.649248098256066e-05
Validation loss: 0.0000, Validation accuracy: 1.0000
one epoch time = 1.52
########################################################
epoch: 110  loss: 4.4263771997066215e-05
Validation loss: 0.0000, Validation accuracy: 1.0000
epoch: 120  loss: 3.0179498935467564e-05
Validation loss: 0.0000, Validation accuracy: 1.0000
epoch: 130  loss: 2.6149638870265335e-05
Validation loss: 0.0000, Validation accuracy: 1.0000
epoch: 140  loss: 2.332579970243387e-05
Validation loss: 0.0000, Validation accuracy: 1.0000
epoch: 150  loss: 2.1040215870016254e-05
Validation loss: 0.0000, Validation accuracy: 1.0000
one epoch time = 1.64
########################################################
epoch: 160  loss: 1.9349276044522412e-05
Validation loss: 0.0000, Validation accuracy: 1.0000
epoch: 170  loss: 1.787172550393734e-05
Validation loss: 0.0000, Validation accuracy: 1.0000
epoch: 180  loss: 1.6563360986765474e-05
Validation loss: 0.0000, Validation accuracy: 1.0000
epoch: 190  loss: 1.5397930837934837e-05
Validation loss: 0.0000, Validation accuracy: 1.0000
epoch: 200  loss: 1.4348047443490941e-05
Validation loss: 0.0000, Validation accuracy: 1.0000
one epoch time = 1.54
########################################################
epoch: 210  loss: 1.3408973245532252e-05
Validation loss: 0.0000, Validation accuracy: 1.0000
epoch: 220  loss: 1.255091410712339e-05
Validation loss: 0.0000, Validation accuracy: 1.0000
epoch: 230  loss: 1.1771501704060938e-05
Validation loss: 0.0000, Validation accuracy: 1.0000
epoch: 240  loss: 1.1065965736634098e-05
Validation loss: 0.0000, Validation accuracy: 1.0000
epoch: 250  loss: 1.0415243195893709e-05
Validation loss: 0.0000, Validation accuracy: 1.0000
one epoch time = 1.55
########################################################
epoch: 260  loss: 9.735912499309052e-06
Validation loss: 0.0000, Validation accuracy: 1.0000
epoch: 270  loss: 9.027965461427812e-06
Validation loss: 0.0000, Validation accuracy: 1.0000
epoch: 280  loss: 8.374829121748917e-06
Validation loss: 0.0000, Validation accuracy: 1.0000
epoch: 290  loss: 7.78485082264524e-06
Validation loss: 0.0000, Validation accuracy: 1.0000
epoch: 300  loss: 7.2592288233863655e-06
Validation loss: 0.0000, Validation accuracy: 1.0000
one epoch time = 1.56
########################################################
epoch: 310  loss: 6.783659955544863e-06
Validation loss: 0.0000, Validation accuracy: 1.0000
epoch: 320  loss: 6.358147402352188e-06
Validation loss: 0.0000, Validation accuracy: 1.0000
epoch: 330  loss: 5.97196458329563e-06
Validation loss: 0.0000, Validation accuracy: 1.0000
epoch: 340  loss: 5.620344381895848e-06
Validation loss: 0.0000, Validation accuracy: 1.0000
epoch: 350  loss: 5.298520591168199e-06
Validation loss: 0.0000, Validation accuracy: 1.0000
one epoch time = 1.60
########################################################
epoch: 360  loss: 5.007684649172006e-06
Validation loss: 0.0000, Validation accuracy: 1.0000
epoch: 370  loss: 4.7394951252499595e-06
Validation loss: 0.0000, Validation accuracy: 1.0000
epoch: 380  loss: 4.487990281631937e-06
Validation loss: 0.0000, Validation accuracy: 1.0000
epoch: 390  loss: 4.2615165511961095e-06
Validation loss: 0.0000, Validation accuracy: 1.0000
epoch: 400  loss: 4.048152277391637e-06
Validation loss: 0.0000, Validation accuracy: 1.0000
one epoch time = 1.77
########################################################
epoch: 410  loss: 3.847898824460572e-06
Validation loss: 0.0000, Validation accuracy: 1.0000
epoch: 420  loss: 3.665524900497985e-06
Validation loss: 0.0000, Validation accuracy: 1.0000
epoch: 430  loss: 3.496262706903508e-06
Validation loss: 0.0000, Validation accuracy: 1.0000
epoch: 440  loss: 3.3377270938217407e-06
Validation loss: 0.0000, Validation accuracy: 1.0000
epoch: 450  loss: 3.183958369845641e-06
Validation loss: 0.0000, Validation accuracy: 1.0000
one epoch time = 1.73
########################################################
epoch: 460  loss: 3.04568652609305e-06
Validation loss: 0.0000, Validation accuracy: 1.0000
epoch: 470  loss: 2.919333610407193e-06
Validation loss: 0.0000, Validation accuracy: 1.0000
epoch: 480  loss: 2.7905962269869633e-06
Validation loss: 0.0000, Validation accuracy: 1.0000
epoch: 490  loss: 2.6749708013085183e-06
Validation loss: 0.0000, Validation accuracy: 1.0000
Checkpoint load! Current best validation accuracy is 1.0000
Test accuracy is 1.0000
